Reusing configuration cache.
> Task :checkKotlinGradlePluginConfigurationErrors
> Task :app:checkKotlinGradlePluginConfigurationErrors
> Task :app:processResources NO-SOURCE
> Task :processResources NO-SOURCE
> Task :app:compileKotlin UP-TO-DATE
> Task :app:compileJava NO-SOURCE
> Task :app:classes UP-TO-DATE
> Task :compileKotlin UP-TO-DATE
> Task :compileJava NO-SOURCE
> Task :classes UP-TO-DATE

> Task :app:run
Hello World!

> Task :run
Initializing database...
00:14:10.926 [main] DEBUG com.zaxxer.hikari.HikariConfig -- Driver class org.h2.Driver found in Thread context class loader jdk.internal.loader.ClassLoaders$AppClassLoader@42110406
00:14:10.929 [main] DEBUG com.zaxxer.hikari.HikariConfig -- HikariPool-1 - configuration:
00:14:10.940 [main] DEBUG com.zaxxer.hikari.HikariConfig -- allowPoolSuspension.............false
00:14:10.941 [main] DEBUG com.zaxxer.hikari.HikariConfig -- autoCommit......................true
00:14:10.941 [main] DEBUG com.zaxxer.hikari.HikariConfig -- catalog.........................none
00:14:10.941 [main] DEBUG com.zaxxer.hikari.HikariConfig -- connectionInitSql...............none
00:14:10.941 [main] DEBUG com.zaxxer.hikari.HikariConfig -- connectionTestQuery.............none
00:14:10.941 [main] DEBUG com.zaxxer.hikari.HikariConfig -- connectionTimeout...............30000
00:14:10.941 [main] DEBUG com.zaxxer.hikari.HikariConfig -- dataSource......................none
00:14:10.941 [main] DEBUG com.zaxxer.hikari.HikariConfig -- dataSourceClassName.............none
00:14:10.941 [main] DEBUG com.zaxxer.hikari.HikariConfig -- dataSourceJNDI..................none
00:14:10.941 [main] DEBUG com.zaxxer.hikari.HikariConfig -- dataSourceProperties............{password=<masked>}
00:14:10.941 [main] DEBUG com.zaxxer.hikari.HikariConfig -- driverClassName................."org.h2.Driver"
00:14:10.942 [main] DEBUG com.zaxxer.hikari.HikariConfig -- exceptionOverrideClassName......none
00:14:10.942 [main] DEBUG com.zaxxer.hikari.HikariConfig -- healthCheckProperties...........{}
00:14:10.942 [main] DEBUG com.zaxxer.hikari.HikariConfig -- healthCheckRegistry.............none
00:14:10.942 [main] DEBUG com.zaxxer.hikari.HikariConfig -- idleTimeout.....................600000
00:14:10.942 [main] DEBUG com.zaxxer.hikari.HikariConfig -- initializationFailTimeout.......1
00:14:10.942 [main] DEBUG com.zaxxer.hikari.HikariConfig -- isolateInternalQueries..........false
00:14:10.942 [main] DEBUG com.zaxxer.hikari.HikariConfig -- jdbcUrl.........................jdbc:h2:mem:testdb;DB_CLOSE_DELAY=-1;DATABASE_TO_UPPER=false
00:14:10.942 [main] DEBUG com.zaxxer.hikari.HikariConfig -- keepaliveTime...................0
00:14:10.942 [main] DEBUG com.zaxxer.hikari.HikariConfig -- leakDetectionThreshold..........0
00:14:10.942 [main] DEBUG com.zaxxer.hikari.HikariConfig -- maxLifetime.....................1800000
00:14:10.942 [main] DEBUG com.zaxxer.hikari.HikariConfig -- maximumPoolSize.................10
00:14:10.942 [main] DEBUG com.zaxxer.hikari.HikariConfig -- metricRegistry..................none
00:14:10.942 [main] DEBUG com.zaxxer.hikari.HikariConfig -- metricsTrackerFactory...........none
00:14:10.942 [main] DEBUG com.zaxxer.hikari.HikariConfig -- minimumIdle.....................10
00:14:10.942 [main] DEBUG com.zaxxer.hikari.HikariConfig -- password........................<masked>
00:14:10.942 [main] DEBUG com.zaxxer.hikari.HikariConfig -- poolName........................"HikariPool-1"
00:14:10.942 [main] DEBUG com.zaxxer.hikari.HikariConfig -- readOnly........................false
00:14:10.942 [main] DEBUG com.zaxxer.hikari.HikariConfig -- registerMbeans..................false
00:14:10.943 [main] DEBUG com.zaxxer.hikari.HikariConfig -- scheduledExecutor...............none
00:14:10.943 [main] DEBUG com.zaxxer.hikari.HikariConfig -- schema..........................none
00:14:10.943 [main] DEBUG com.zaxxer.hikari.HikariConfig -- threadFactory...................internal
00:14:10.943 [main] DEBUG com.zaxxer.hikari.HikariConfig -- transactionIsolation............default
00:14:10.943 [main] DEBUG com.zaxxer.hikari.HikariConfig -- username........................"sa"
00:14:10.943 [main] DEBUG com.zaxxer.hikari.HikariConfig -- validationTimeout...............5000
00:14:10.944 [main] INFO com.zaxxer.hikari.HikariDataSource -- HikariPool-1 - Starting...
00:14:11.033 [main] INFO com.zaxxer.hikari.pool.HikariPool -- HikariPool-1 - Added connection conn0: url=jdbc:h2:mem:testdb user=SA
00:14:11.034 [main] INFO com.zaxxer.hikari.HikariDataSource -- HikariPool-1 - Start completed.
00:14:11.135 [HikariPool-1 housekeeper] DEBUG com.zaxxer.hikari.pool.HikariPool -- HikariPool-1 - Pool stats (total=1, active=0, idle=1, waiting=0)
00:14:11.135 [HikariPool-1 connection adder] DEBUG com.zaxxer.hikari.pool.HikariPool -- HikariPool-1 - Added connection conn1: url=jdbc:h2:mem:testdb user=SA
00:14:11.146 [HikariPool-1 connection adder] DEBUG com.zaxxer.hikari.pool.HikariPool -- HikariPool-1 - Added connection conn2: url=jdbc:h2:mem:testdb user=SA
00:14:11.159 [HikariPool-1 connection adder] DEBUG com.zaxxer.hikari.pool.HikariPool -- HikariPool-1 - Added connection conn3: url=jdbc:h2:mem:testdb user=SA
00:14:11.172 [HikariPool-1 connection adder] DEBUG com.zaxxer.hikari.pool.HikariPool -- HikariPool-1 - Added connection conn4: url=jdbc:h2:mem:testdb user=SA
00:14:11.185 [HikariPool-1 connection adder] DEBUG com.zaxxer.hikari.pool.HikariPool -- HikariPool-1 - Added connection conn5: url=jdbc:h2:mem:testdb user=SA
00:14:11.197 [HikariPool-1 connection adder] DEBUG com.zaxxer.hikari.pool.HikariPool -- HikariPool-1 - Added connection conn6: url=jdbc:h2:mem:testdb user=SA
00:14:11.210 [HikariPool-1 connection adder] DEBUG com.zaxxer.hikari.pool.HikariPool -- HikariPool-1 - Added connection conn7: url=jdbc:h2:mem:testdb user=SA
00:14:11.223 [HikariPool-1 connection adder] DEBUG com.zaxxer.hikari.pool.HikariPool -- HikariPool-1 - Added connection conn8: url=jdbc:h2:mem:testdb user=SA
00:14:11.235 [main] DEBUG Exposed -- SELECT SETTING_VALUE FROM INFORMATION_SCHEMA.SETTINGS WHERE SETTING_NAME = 'MODE'
00:14:11.236 [HikariPool-1 connection adder] DEBUG com.zaxxer.hikari.pool.HikariPool -- HikariPool-1 - Added connection conn9: url=jdbc:h2:mem:testdb user=SA
00:14:11.242 [main] DEBUG Exposed -- CREATE TABLE IF NOT EXISTS users (id UUID PRIMARY KEY, auth0_id TEXT NOT NULL, email TEXT NOT NULL, created_at DATETIME(9) DEFAULT '2025-06-17T00:14:11.081122' NOT NULL, last_login DATETIME(9) NULL, preferences TEXT DEFAULT '{"soundEnabled": true, "notificationEnabled": true, "theme": "light"}' NOT NULL)
00:14:11.242 [main] DEBUG Exposed -- ALTER TABLE users ADD CONSTRAINT users_auth0_id_unique UNIQUE (auth0_id)
00:14:11.243 [main] DEBUG Exposed -- ALTER TABLE users ADD CONSTRAINT users_email_unique UNIQUE (email)
00:14:11.244 [main] DEBUG Exposed -- CREATE TABLE IF NOT EXISTS will_counts (id UUID PRIMARY KEY, user_id UUID NOT NULL, "date" DATE NOT NULL, "count" INT DEFAULT 0 NOT NULL, timestamps TEXT DEFAULT '[]' NOT NULL, created_at DATETIME(9) DEFAULT '2025-06-17T00:14:11.212176' NOT NULL, updated_at DATETIME(9) DEFAULT '2025-06-17T00:14:11.212232' NOT NULL, CONSTRAINT fk_will_counts_user_id__id FOREIGN KEY (user_id) REFERENCES users(id) ON DELETE RESTRICT ON UPDATE RESTRICT)
00:14:11.245 [main] DEBUG Exposed -- ALTER TABLE will_counts ADD CONSTRAINT will_counts_user_id_date_unique UNIQUE (user_id, "date")
00:14:11.246 [main] DEBUG com.zaxxer.hikari.pool.PoolBase -- HikariPool-1 - Reset (autoCommit) on connection conn0: url=jdbc:h2:mem:testdb user=SA
Database initialized successfully
00:14:11.249 [HikariPool-1 connection adder] DEBUG com.zaxxer.hikari.pool.HikariPool -- HikariPool-1 - After adding stats (total=10, active=0, idle=10, waiting=0)
00:14:11.267 [main] INFO ktor.application -- Autoreload is disabled because the development mode is off.
00:14:11.298 [main] INFO ktor.application -- Application started in 0.041 seconds.
00:14:11.301 [main] DEBUG io.netty.util.internal.logging.InternalLoggerFactory -- Using SLF4J as the default logging framework
00:14:11.310 [main] DEBUG io.netty.util.internal.PlatformDependent0 -- -Dio.netty.noUnsafe: false
00:14:11.310 [main] DEBUG io.netty.util.internal.PlatformDependent0 -- Java version: 17
00:14:11.311 [main] DEBUG io.netty.util.internal.PlatformDependent0 -- sun.misc.Unsafe.theUnsafe: available
00:14:11.311 [main] DEBUG io.netty.util.internal.PlatformDependent0 -- sun.misc.Unsafe base methods: all available
00:14:11.311 [main] DEBUG io.netty.util.internal.PlatformDependent0 -- sun.misc.Unsafe.storeFence: available
00:14:11.311 [main] DEBUG io.netty.util.internal.PlatformDependent0 -- java.nio.Buffer.address: available
00:14:11.311 [main] DEBUG io.netty.util.internal.PlatformDependent0 -- direct buffer constructor: unavailable: Reflective setAccessible(true) disabled
00:14:11.312 [main] DEBUG io.netty.util.internal.PlatformDependent0 -- java.nio.Bits.unaligned: available, true
00:14:11.312 [main] DEBUG io.netty.util.internal.PlatformDependent0 -- jdk.internal.misc.Unsafe.allocateUninitializedArray(int): unavailable: class io.netty.util.internal.PlatformDependent0$7 cannot access class jdk.internal.misc.Unsafe (in module java.base) because module java.base does not export jdk.internal.misc to unnamed module @326493cb
00:14:11.313 [main] DEBUG io.netty.util.internal.PlatformDependent0 -- java.nio.DirectByteBuffer.<init>(long, {int,long}): unavailable
00:14:11.313 [main] DEBUG io.netty.util.internal.PlatformDependent -- sun.misc.Unsafe: available
00:14:11.313 [main] DEBUG io.netty.util.internal.PlatformDependent -- -Dio.netty.tmpdir: /var/folders/tq/_x7pzxb130q7twwv3w6_hrqm0000gn/T (java.io.tmpdir)
00:14:11.313 [main] DEBUG io.netty.util.internal.PlatformDependent -- -Dio.netty.bitMode: 64 (sun.arch.data.model)
00:14:11.313 [main] DEBUG io.netty.util.internal.PlatformDependent -- Platform: MacOS
00:14:11.313 [main] DEBUG io.netty.util.internal.PlatformDependent -- -Dio.netty.maxDirectMemory: -1 bytes
00:14:11.313 [main] DEBUG io.netty.util.internal.PlatformDependent -- -Dio.netty.uninitializedArrayAllocationThreshold: -1
00:14:11.314 [main] DEBUG io.netty.util.internal.CleanerJava9 -- java.nio.ByteBuffer.cleaner(): available
00:14:11.314 [main] DEBUG io.netty.util.internal.PlatformDependent -- -Dio.netty.noPreferDirect: false
00:14:11.315 [main] DEBUG io.netty.util.internal.NativeLibraryLoader -- -Dio.netty.native.workdir: /var/folders/tq/_x7pzxb130q7twwv3w6_hrqm0000gn/T (io.netty.tmpdir)
00:14:11.315 [main] DEBUG io.netty.util.internal.NativeLibraryLoader -- -Dio.netty.native.deleteLibAfterLoading: true
00:14:11.315 [main] DEBUG io.netty.util.internal.NativeLibraryLoader -- -Dio.netty.native.tryPatchShadedId: true
00:14:11.315 [main] DEBUG io.netty.util.internal.NativeLibraryLoader -- -Dio.netty.native.detectNativeLibraryDuplicates: true
00:14:11.324 [main] DEBUG io.netty.channel.MultithreadEventLoopGroup -- -Dio.netty.eventLoopThreads: 16
00:14:11.326 [main] DEBUG io.netty.util.concurrent.GlobalEventExecutor -- -Dio.netty.globalEventExecutor.quietPeriodSeconds: 1
00:14:11.327 [main] DEBUG io.netty.util.internal.InternalThreadLocalMap -- -Dio.netty.threadLocalMap.stringBuilder.initialSize: 1024
00:14:11.327 [main] DEBUG io.netty.util.internal.InternalThreadLocalMap -- -Dio.netty.threadLocalMap.stringBuilder.maxSize: 4096
00:14:11.331 [main] DEBUG io.netty.channel.nio.NioEventLoop -- -Dio.netty.noKeySetOptimization: false
00:14:11.331 [main] DEBUG io.netty.channel.nio.NioEventLoop -- -Dio.netty.selectorAutoRebuildThreshold: 512
00:14:11.334 [main] DEBUG io.netty.util.internal.PlatformDependent -- org.jctools-core.MpscChunkedArrayQueue: available
00:14:11.343 [main] DEBUG io.netty.channel.DefaultChannelId -- -Dio.netty.processId: 47379 (auto-detected)
00:14:11.344 [main] DEBUG io.netty.util.NetUtil -- -Djava.net.preferIPv4Stack: false
00:14:11.344 [main] DEBUG io.netty.util.NetUtil -- -Djava.net.preferIPv6Addresses: false
00:14:11.346 [main] DEBUG io.netty.util.NetUtilInitializations -- Loopback interface: lo0 (lo0, 0:0:0:0:0:0:0:1%lo0)
00:14:11.347 [main] DEBUG io.netty.util.NetUtil -- Failed to get SOMAXCONN from sysctl and file /proc/sys/net/core/somaxconn. Default: 128
00:14:11.347 [main] DEBUG io.netty.channel.DefaultChannelId -- -Dio.netty.machineId: 9c:58:84:ff:fe:32:e5:ba (auto-detected)
00:14:11.350 [main] DEBUG io.netty.util.ResourceLeakDetector -- -Dio.netty.leakDetection.level: simple
00:14:11.350 [main] DEBUG io.netty.util.ResourceLeakDetector -- -Dio.netty.leakDetection.targetRecords: 4
00:14:11.357 [main] DEBUG io.netty.buffer.PooledByteBufAllocator -- -Dio.netty.allocator.numHeapArenas: 16
00:14:11.358 [main] DEBUG io.netty.buffer.PooledByteBufAllocator -- -Dio.netty.allocator.numDirectArenas: 16
00:14:11.358 [main] DEBUG io.netty.buffer.PooledByteBufAllocator -- -Dio.netty.allocator.pageSize: 8192
00:14:11.358 [main] DEBUG io.netty.buffer.PooledByteBufAllocator -- -Dio.netty.allocator.maxOrder: 9
00:14:11.358 [main] DEBUG io.netty.buffer.PooledByteBufAllocator -- -Dio.netty.allocator.chunkSize: 4194304
00:14:11.358 [main] DEBUG io.netty.buffer.PooledByteBufAllocator -- -Dio.netty.allocator.smallCacheSize: 256
00:14:11.358 [main] DEBUG io.netty.buffer.PooledByteBufAllocator -- -Dio.netty.allocator.normalCacheSize: 64
00:14:11.358 [main] DEBUG io.netty.buffer.PooledByteBufAllocator -- -Dio.netty.allocator.maxCachedBufferCapacity: 32768
00:14:11.358 [main] DEBUG io.netty.buffer.PooledByteBufAllocator -- -Dio.netty.allocator.cacheTrimInterval: 8192
00:14:11.358 [main] DEBUG io.netty.buffer.PooledByteBufAllocator -- -Dio.netty.allocator.cacheTrimIntervalMillis: 0
00:14:11.358 [main] DEBUG io.netty.buffer.PooledByteBufAllocator -- -Dio.netty.allocator.useCacheForAllThreads: false
00:14:11.358 [main] DEBUG io.netty.buffer.PooledByteBufAllocator -- -Dio.netty.allocator.maxCachedByteBuffersPerChunk: 1023
00:14:11.360 [main] DEBUG io.netty.buffer.ByteBufUtil -- -Dio.netty.allocator.type: pooled
00:14:11.360 [main] DEBUG io.netty.buffer.ByteBufUtil -- -Dio.netty.threadLocalDirectBufferSize: 0
00:14:11.360 [main] DEBUG io.netty.buffer.ByteBufUtil -- -Dio.netty.maxThreadLocalCharBufferSize: 16384
00:14:11.361 [main] DEBUG io.netty.bootstrap.ChannelInitializerExtensions -- -Dio.netty.bootstrap.extensions: null
00:14:11.365 [DefaultDispatcher-worker-1] INFO ktor.application -- Responding at http://0.0.0.0:8080
00:14:41.142 [HikariPool-1 housekeeper] DEBUG com.zaxxer.hikari.pool.HikariPool -- HikariPool-1 - Pool stats (total=10, active=0, idle=10, waiting=0)
00:14:41.145 [HikariPool-1 housekeeper] DEBUG com.zaxxer.hikari.pool.HikariPool -- HikariPool-1 - Fill pool skipped, pool has sufficient level or currently being filled (queueDepth=0).
00:15:11.145 [HikariPool-1 housekeeper] DEBUG com.zaxxer.hikari.pool.HikariPool -- HikariPool-1 - Pool stats (total=10, active=0, idle=10, waiting=0)
00:15:11.145 [HikariPool-1 housekeeper] DEBUG com.zaxxer.hikari.pool.HikariPool -- HikariPool-1 - Fill pool skipped, pool has sufficient level or currently being filled (queueDepth=0).
00:15:41.147 [HikariPool-1 housekeeper] DEBUG com.zaxxer.hikari.pool.HikariPool -- HikariPool-1 - Pool stats (total=10, active=0, idle=10, waiting=0)
00:15:41.148 [HikariPool-1 housekeeper] DEBUG com.zaxxer.hikari.pool.HikariPool -- HikariPool-1 - Fill pool skipped, pool has sufficient level or currently being filled (queueDepth=0).
00:16:11.150 [HikariPool-1 housekeeper] DEBUG com.zaxxer.hikari.pool.HikariPool -- HikariPool-1 - Pool stats (total=10, active=0, idle=10, waiting=0)
00:16:11.151 [HikariPool-1 housekeeper] DEBUG com.zaxxer.hikari.pool.HikariPool -- HikariPool-1 - Fill pool skipped, pool has sufficient level or currently being filled (queueDepth=0).
00:16:41.152 [HikariPool-1 housekeeper] DEBUG com.zaxxer.hikari.pool.HikariPool -- HikariPool-1 - Pool stats (total=10, active=0, idle=10, waiting=0)
00:16:41.153 [HikariPool-1 housekeeper] DEBUG com.zaxxer.hikari.pool.HikariPool -- HikariPool-1 - Fill pool skipped, pool has sufficient level or currently being filled (queueDepth=0).
00:17:02.669 [eventLoopGroupProxy-3-1] DEBUG io.netty.buffer.AbstractByteBuf -- -Dio.netty.buffer.checkAccessible: true
00:17:02.670 [eventLoopGroupProxy-3-1] DEBUG io.netty.buffer.AbstractByteBuf -- -Dio.netty.buffer.checkBounds: true
00:17:02.670 [eventLoopGroupProxy-3-1] DEBUG io.netty.util.ResourceLeakDetectorFactory -- Loaded default ResourceLeakDetector: io.netty.util.ResourceLeakDetector@7031593d
00:17:02.688 [eventLoopGroupProxy-3-1] DEBUG io.netty.util.Recycler -- -Dio.netty.recycler.maxCapacityPerThread: 4096
00:17:02.688 [eventLoopGroupProxy-3-1] DEBUG io.netty.util.Recycler -- -Dio.netty.recycler.ratio: 8
00:17:02.688 [eventLoopGroupProxy-3-1] DEBUG io.netty.util.Recycler -- -Dio.netty.recycler.chunkSize: 32
00:17:02.688 [eventLoopGroupProxy-3-1] DEBUG io.netty.util.Recycler -- -Dio.netty.recycler.blocking: false
00:17:02.688 [eventLoopGroupProxy-3-1] DEBUG io.netty.util.Recycler -- -Dio.netty.recycler.batchFastThreadLocalOnly: true
00:17:02.727 [eventLoopGroupProxy-4-1] DEBUG Exposed -- SELECT COUNT(*) FROM (SELECT users.id users_id, users.auth0_id users_auth0_id, users.email users_email, users.created_at users_created_at, users.last_login users_last_login, users.preferences users_preferences FROM users LIMIT 1) subquery
00:17:02.727 [eventLoopGroupProxy-4-1] DEBUG com.zaxxer.hikari.pool.PoolBase -- HikariPool-1 - Reset (autoCommit) on connection conn0: url=jdbc:h2:mem:testdb user=SA
00:17:02.744 [eventLoopGroupProxy-4-1] ERROR ktor.application -- Unhandled: GET - /health
kotlinx.serialization.SerializationException: Serializer for class 'HealthResponse' is not found.
Please ensure that class is marked as '@Serializable' and that the serialization compiler plugin is applied.

	at kotlinx.serialization.internal.Platform_commonKt.serializerNotRegistered(Platform.common.kt:92)
	at kotlinx.serialization.SerializersKt__SerializersKt.serializer(Serializers.kt:285)
	at kotlinx.serialization.SerializersKt.serializer(Unknown Source)
	at io.ktor.serialization.kotlinx.SerializerLookupKt.guessSerializer(SerializerLookup.kt:50)
	at io.ktor.serialization.kotlinx.KotlinxSerializationConverter.serializeNullable(KotlinxSerializationConverter.kt:66)
	at io.ktor.server.plugins.contentnegotiation.ResponseConverterKt$convertResponseBody$1$2.invokeSuspend(ResponseConverter.kt:66)
	at io.ktor.server.plugins.contentnegotiation.ResponseConverterKt$convertResponseBody$1$2.invoke(ResponseConverter.kt)
	at io.ktor.server.plugins.contentnegotiation.ResponseConverterKt$convertResponseBody$1$2.invoke(ResponseConverter.kt)
	at io.ktor.server.application.OnCallRespondContext.transformBody(KtorCallContexts.kt:86)
	at io.ktor.server.plugins.contentnegotiation.ResponseConverterKt$convertResponseBody$1.invokeSuspend(ResponseConverter.kt:39)
	at io.ktor.server.plugins.contentnegotiation.ResponseConverterKt$convertResponseBody$1.invoke(ResponseConverter.kt)
	at io.ktor.server.plugins.contentnegotiation.ResponseConverterKt$convertResponseBody$1.invoke(ResponseConverter.kt)
	at io.ktor.server.application.PluginBuilder$onDefaultPhase$1.invokeSuspend(PluginBuilder.kt:215)
	at io.ktor.server.application.PluginBuilder$onDefaultPhase$1.invoke(PluginBuilder.kt)
	at io.ktor.server.application.PluginBuilder$onDefaultPhase$1.invoke(PluginBuilder.kt)
	at io.ktor.server.application.PluginBuilder$onDefaultPhaseWithMessage$1$1$1.invokeSuspend(PluginBuilder.kt:198)
	at io.ktor.server.application.PluginBuilder$onDefaultPhaseWithMessage$1$1$1.invoke(PluginBuilder.kt)
	at io.ktor.server.application.PluginBuilder$onDefaultPhaseWithMessage$1$1$1.invoke(PluginBuilder.kt)
	at io.ktor.util.debug.ContextUtilsKt.addToContextInDebugMode(ContextUtils.kt:30)
	at io.ktor.server.application.PluginBuilder$onDefaultPhaseWithMessage$1$1.invokeSuspend(PluginBuilder.kt:194)
	at io.ktor.server.application.PluginBuilder$onDefaultPhaseWithMessage$1$1.invoke(PluginBuilder.kt)
	at io.ktor.server.application.PluginBuilder$onDefaultPhaseWithMessage$1$1.invoke(PluginBuilder.kt)
	at io.ktor.util.pipeline.SuspendFunctionGun.loop(SuspendFunctionGun.kt:131)
	at io.ktor.util.pipeline.SuspendFunctionGun.proceed(SuspendFunctionGun.kt:89)
	at io.ktor.util.pipeline.SuspendFunctionGun.execute$ktor_utils(SuspendFunctionGun.kt:109)
	at io.ktor.util.pipeline.Pipeline.execute(Pipeline.kt:77)
	at com.willcounter.api.ApplicationKt$module$3$2.invokeSuspend(Application.kt:90)
	at com.willcounter.api.ApplicationKt$module$3$2.invoke(Application.kt)
	at com.willcounter.api.ApplicationKt$module$3$2.invoke(Application.kt)
	at io.ktor.server.routing.Route$buildPipeline$1$1.invokeSuspend(Route.kt:116)
	at io.ktor.server.routing.Route$buildPipeline$1$1.invoke(Route.kt)
	at io.ktor.server.routing.Route$buildPipeline$1$1.invoke(Route.kt)
	at io.ktor.util.pipeline.SuspendFunctionGun.loop(SuspendFunctionGun.kt:131)
	at io.ktor.util.pipeline.SuspendFunctionGun.proceed(SuspendFunctionGun.kt:89)
	at io.ktor.util.pipeline.SuspendFunctionGun.execute$ktor_utils(SuspendFunctionGun.kt:109)
	at io.ktor.util.pipeline.Pipeline.execute(Pipeline.kt:77)
	at io.ktor.server.routing.Routing$executeResult$$inlined$execute$1.invokeSuspend(Pipeline.kt:478)
	at io.ktor.server.routing.Routing$executeResult$$inlined$execute$1.invoke(Pipeline.kt)
	at io.ktor.server.routing.Routing$executeResult$$inlined$execute$1.invoke(Pipeline.kt)
	at io.ktor.util.debug.ContextUtilsKt.initContextInDebugMode(ContextUtils.kt:17)
	at io.ktor.server.routing.Routing.executeResult(Routing.kt:190)
	at io.ktor.server.routing.Routing.interceptor(Routing.kt:64)
	at io.ktor.server.routing.Routing$Plugin$install$1.invokeSuspend(Routing.kt:140)
	at io.ktor.server.routing.Routing$Plugin$install$1.invoke(Routing.kt)
	at io.ktor.server.routing.Routing$Plugin$install$1.invoke(Routing.kt)
	at io.ktor.util.pipeline.SuspendFunctionGun.loop(SuspendFunctionGun.kt:131)
	at io.ktor.util.pipeline.SuspendFunctionGun.proceed(SuspendFunctionGun.kt:89)
	at io.ktor.server.engine.BaseApplicationEngineKt$installDefaultTransformationChecker$1.invokeSuspend(BaseApplicationEngine.kt:124)
	at io.ktor.server.engine.BaseApplicationEngineKt$installDefaultTransformationChecker$1.invoke(BaseApplicationEngine.kt)
	at io.ktor.server.engine.BaseApplicationEngineKt$installDefaultTransformationChecker$1.invoke(BaseApplicationEngine.kt)
	at io.ktor.util.pipeline.SuspendFunctionGun.loop(SuspendFunctionGun.kt:131)
	at io.ktor.util.pipeline.SuspendFunctionGun.proceed(SuspendFunctionGun.kt:89)
	at io.ktor.util.pipeline.SuspendFunctionGun.execute$ktor_utils(SuspendFunctionGun.kt:109)
	at io.ktor.util.pipeline.Pipeline.execute(Pipeline.kt:77)
	at io.ktor.server.engine.DefaultEnginePipelineKt$defaultEnginePipeline$1$invokeSuspend$$inlined$execute$1.invokeSuspend(Pipeline.kt:478)
	at io.ktor.server.engine.DefaultEnginePipelineKt$defaultEnginePipeline$1$invokeSuspend$$inlined$execute$1.invoke(Pipeline.kt)
	at io.ktor.server.engine.DefaultEnginePipelineKt$defaultEnginePipeline$1$invokeSuspend$$inlined$execute$1.invoke(Pipeline.kt)
	at io.ktor.util.debug.ContextUtilsKt.initContextInDebugMode(ContextUtils.kt:17)
	at io.ktor.server.engine.DefaultEnginePipelineKt$defaultEnginePipeline$1.invokeSuspend(DefaultEnginePipeline.kt:123)
	at io.ktor.server.engine.DefaultEnginePipelineKt$defaultEnginePipeline$1.invoke(DefaultEnginePipeline.kt)
	at io.ktor.server.engine.DefaultEnginePipelineKt$defaultEnginePipeline$1.invoke(DefaultEnginePipeline.kt)
	at io.ktor.util.pipeline.SuspendFunctionGun.loop(SuspendFunctionGun.kt:131)
	at io.ktor.util.pipeline.SuspendFunctionGun.proceed(SuspendFunctionGun.kt:89)
	at io.ktor.util.pipeline.SuspendFunctionGun.execute$ktor_utils(SuspendFunctionGun.kt:109)
	at io.ktor.util.pipeline.Pipeline.execute(Pipeline.kt:77)
	at io.ktor.server.netty.NettyApplicationCallHandler$handleRequest$1$invokeSuspend$$inlined$execute$1.invokeSuspend(Pipeline.kt:478)
	at io.ktor.server.netty.NettyApplicationCallHandler$handleRequest$1$invokeSuspend$$inlined$execute$1.invoke(Pipeline.kt)
	at io.ktor.server.netty.NettyApplicationCallHandler$handleRequest$1$invokeSuspend$$inlined$execute$1.invoke(Pipeline.kt)
	at io.ktor.util.debug.ContextUtilsKt.initContextInDebugMode(ContextUtils.kt:17)
	at io.ktor.server.netty.NettyApplicationCallHandler$handleRequest$1.invokeSuspend(NettyApplicationCallHandler.kt:140)
	at io.ktor.server.netty.NettyApplicationCallHandler$handleRequest$1.invoke(NettyApplicationCallHandler.kt)
	at io.ktor.server.netty.NettyApplicationCallHandler$handleRequest$1.invoke(NettyApplicationCallHandler.kt)
	at kotlinx.coroutines.intrinsics.UndispatchedKt.startCoroutineUndispatched(Undispatched.kt:27)
	at kotlinx.coroutines.CoroutineStart.invoke(CoroutineStart.kt:90)
	at kotlinx.coroutines.AbstractCoroutine.start(AbstractCoroutine.kt:123)
	at kotlinx.coroutines.BuildersKt__Builders_commonKt.launch(Builders.common.kt:52)
	at kotlinx.coroutines.BuildersKt.launch(Unknown Source)
	at io.ktor.server.netty.NettyApplicationCallHandler.handleRequest(NettyApplicationCallHandler.kt:41)
	at io.ktor.server.netty.NettyApplicationCallHandler.channelRead(NettyApplicationCallHandler.kt:33)
	at io.netty.channel.AbstractChannelHandlerContext.invokeChannelRead(AbstractChannelHandlerContext.java:444)
	at io.netty.channel.AbstractChannelHandlerContext.access$600(AbstractChannelHandlerContext.java:61)
	at io.netty.channel.AbstractChannelHandlerContext$7.run(AbstractChannelHandlerContext.java:425)
	at io.netty.util.concurrent.AbstractEventExecutor.runTask(AbstractEventExecutor.java:173)
	at io.netty.util.concurrent.AbstractEventExecutor.safeExecute(AbstractEventExecutor.java:166)
	at io.netty.util.concurrent.SingleThreadEventExecutor.runAllTasks(SingleThreadEventExecutor.java:469)
	at io.netty.channel.nio.NioEventLoop.run(NioEventLoop.java:569)
	at io.netty.util.concurrent.SingleThreadEventExecutor$4.run(SingleThreadEventExecutor.java:994)
	at io.netty.util.internal.ThreadExecutorMap$2.run(ThreadExecutorMap.java:74)
	at io.ktor.server.netty.EventLoopGroupProxy$Companion.create$lambda$1$lambda$0(NettyApplicationEngine.kt:296)
	at io.netty.util.concurrent.FastThreadLocalRunnable.run(FastThreadLocalRunnable.java:30)
	at java.base/java.lang.Thread.run(Thread.java:840)
